[2021-10-27 21:29:47,999] [INFO] ************************************* Maxims_VMP_Report Start *************************************
[2021-10-27 21:29:56,565] [DEBUG] start getSftpFile
[2021-10-27 21:29:56,566] [DEBUG] start Connection
[2021-10-27 21:30:51,911] [INFO] ************************************* Maxims_VMP_Report Start *************************************
[2021-10-27 21:30:53,395] [DEBUG] start getSftpFile
[2021-10-27 21:30:53,395] [DEBUG] start Connection
[2021-10-27 21:31:20,669] [ERROR] Error message: No hostkey for host 118.143.0.70 found.
[2021-10-27 21:31:20,670] [INFO] ************************************* Maxims_VMP_Report End *************************************
[2021-10-27 21:38:19,432] [INFO] ************************************* Maxims_VMP_Report Start *************************************
[2021-10-27 21:38:21,444] [DEBUG] start getSftpFile
[2021-10-27 21:38:21,445] [DEBUG] start Connection
[2021-10-27 21:39:09,933] [INFO] ************************************* Maxims_VMP_Report Start *************************************
[2021-10-27 21:39:11,066] [DEBUG] start getSftpFile
[2021-10-27 21:39:11,066] [DEBUG] start Connection
[2021-10-27 21:39:18,549] [DEBUG] end Connection
[2021-10-27 21:39:18,550] [DEBUG] start get file, localpath: C:\Users\richard\Desktop\RSM_Package\RSM_Package\RSM-BackendSettlement_Report\Maxims_VMP_Report\Raw
[2021-10-27 21:39:18,550] [DEBUG] start get file, remotepath: /home/852000058140011/eopgfile/852000058140011.211027
[2021-10-27 21:48:57,518] [INFO] ************************************* Maxims_VMP_Report Start *************************************
[2021-10-27 21:49:13,797] [INFO] ************************************* Maxims_VMP_Report Start *************************************
[2021-10-27 21:49:17,255] [DEBUG] start getSftpFile
[2021-10-27 21:49:17,255] [DEBUG] start Connection
[2021-10-27 21:49:18,323] [DEBUG] end Connection
[2021-10-27 21:49:18,323] [DEBUG] start get file, localpath: C:\Users\richard\Desktop\RSM_Package\RSM_Package\RSM-BackendSettlement_Report\Maxims_VMP_Report\Raw
[2021-10-27 21:49:18,324] [DEBUG] start get file, remotepath: /home/852000058140011/eopgfile/852000058140011.211026
[2021-10-27 21:49:46,431] [INFO] ************************************* Maxims_VMP_Report Start *************************************
[2021-10-27 21:49:47,518] [DEBUG] start getSftpFile
[2021-10-27 21:49:47,518] [DEBUG] start Connection
[2021-10-27 21:49:48,536] [DEBUG] end Connection
[2021-10-27 21:49:48,537] [DEBUG] start get file, localpath: C:\Users\richard\Desktop\RSM_Package\RSM_Package\RSM-Backend\Settlement_Report\Maxims_VMP_Report\Raw
[2021-10-27 21:49:48,537] [DEBUG] start get file, remotepath: /home/852000058140011/eopgfile/852000058140011.211026
[2021-10-27 21:50:32,429] [ERROR] Error message: [Errno 13] Permission denied: 'C:\\Users\\richard\\Desktop\\RSM_Package\\RSM_Package\\RSM-Backend\\Settlement_Report\\Maxims_VMP_Report\\Raw'
[2021-10-27 21:50:32,431] [INFO] ************************************* Maxims_VMP_Report End *************************************
[2021-10-27 21:52:20,619] [INFO] ************************************* Maxims_VMP_Report Start *************************************
[2021-10-27 21:52:21,561] [DEBUG] start getSftpFile
[2021-10-27 21:52:21,561] [DEBUG] start Connection
[2021-10-27 21:52:21,720] [DEBUG] end Connection
[2021-10-27 21:52:21,722] [DEBUG] start get file, localpath: C:\Users\richard\Desktop\RSM_Package\RSM_Package\RSM-Backend\Settlement_Report\Maxims_VMP_Report\Raw852000058140011.211026
[2021-10-27 21:52:21,724] [DEBUG] start get file, remotepath: /home/852000058140011/eopgfile/852000058140011.211026
[2021-10-27 21:52:21,829] [DEBUG] end get file
[2021-10-27 21:52:21,829] [DEBUG] start SFTP close
[2021-10-27 21:52:28,153] [DEBUG] end SFTP close
[2021-10-27 21:52:28,154] [DEBUG] end getSftpFile
[2021-10-27 21:52:28,154] [INFO] ************************************* Maxims_VMP_Report End *************************************
[2021-10-27 21:52:55,543] [INFO] ************************************* Maxims_VMP_Report Start *************************************
[2021-10-27 21:52:55,543] [DEBUG] start getSftpFile
[2021-10-27 21:52:55,544] [DEBUG] start Connection
[2021-10-27 21:52:55,698] [DEBUG] end Connection
[2021-10-27 21:52:55,700] [DEBUG] start get file, localpath: C:\Users\richard\Desktop\RSM_Package\RSM_Package\RSM-Backend\Settlement_Report\Maxims_VMP_Report\Raw\852000058140011.211026
[2021-10-27 21:52:55,702] [DEBUG] start get file, remotepath: /home/852000058140011/eopgfile/852000058140011.211026
[2021-10-27 21:52:55,806] [DEBUG] end get file
[2021-10-27 21:52:55,807] [DEBUG] start SFTP close
[2021-10-27 21:52:55,808] [DEBUG] end SFTP close
[2021-10-27 21:52:55,809] [DEBUG] end getSftpFile
[2021-10-27 21:52:55,810] [INFO] ************************************* Maxims_VMP_Report End *************************************
[2021-10-27 22:04:13,325] [INFO] ************************************* Maxims_VMP_Report Start *************************************
[2021-10-27 22:04:13,326] [INFO] ************************************* Maxims_VMP_Report End *************************************
[2021-10-27 22:04:32,794] [INFO] ************************************* Maxims_VMP_Report Start *************************************
[2021-10-27 22:04:32,795] [INFO] ************************************* readCSV Start *************************************
[2021-10-27 22:04:32,796] [INFO] ************************************* readCSV End *************************************
[2021-10-27 22:04:32,796] [INFO] ************************************* Maxims_VMP_Report End *************************************
[2021-10-27 22:21:18,493] [INFO] ************************************* Maxims_VMP_Report Start *************************************
[2021-10-27 22:21:18,494] [INFO] ************************************* readCSV Start *************************************
[2021-10-27 22:21:18,494] [INFO] ************************************* readCSV End *************************************
[2021-10-27 22:21:42,490] [INFO] ************************************* Maxims_VMP_Report Start *************************************
[2021-10-27 22:21:42,492] [INFO] ************************************* readCSV Start *************************************
[2021-10-27 22:21:42,492] [INFO] ************************************* readCSV End *************************************
[2021-10-27 22:21:59,415] [INFO] ************************************* Maxims_VMP_Report End *************************************
[2021-10-27 22:22:28,363] [INFO] ************************************* Maxims_VMP_Report Start *************************************
[2021-10-27 22:22:31,835] [INFO] ************************************* readCSV Start *************************************
[2021-10-27 22:22:31,837] [INFO] ************************************* readCSV End *************************************
[2021-10-27 22:24:00,332] [INFO] ************************************* Maxims_VMP_Report End *************************************
[2021-10-27 22:24:37,008] [INFO] ************************************* Maxims_VMP_Report Start *************************************
[2021-10-27 22:24:40,877] [INFO] ************************************* readCSV Start *************************************
[2021-10-27 22:24:40,878] [INFO] ************************************* readCSV End *************************************
[2021-10-27 22:25:31,999] [INFO] ************************************* Maxims_VMP_Report Start *************************************
[2021-10-27 22:25:33,916] [INFO] ************************************* readCSV Start *************************************
[2021-10-27 22:57:21,947] [INFO] ************************************* Maxims_VMP_Report Start *************************************
[2021-10-27 22:57:21,947] [INFO] ************************************* readCSV Start *************************************
[2021-10-27 22:57:21,948] [INFO] ************************************* readCSV End *************************************
[2021-10-27 22:57:21,949] [INFO] ************************************* Maxims_VMP_Report End *************************************
[2021-10-27 22:57:42,235] [INFO] ************************************* Maxims_VMP_Report Start *************************************
[2021-10-27 22:57:48,248] [INFO] ************************************* readCSV Start *************************************
[2021-10-27 22:57:48,249] [INFO] ************************************* readCSV End *************************************
[2021-10-27 22:59:12,925] [INFO] ************************************* Maxims_VMP_Report End *************************************
[2021-10-27 23:32:04,983] [INFO] ************************************* Maxims_VMP_Report Start *************************************
[2021-10-27 23:32:04,984] [INFO] ************************************* readCSV Start *************************************
[2021-10-27 23:32:04,985] [INFO] ['Record Identifier', 'File ID', 'File Date', 'MID', 'MID name', '', '', '', '', '', '', '', '', '', '', '', '', '', '', '', '']
[2021-10-27 23:32:04,985] [INFO] ['`RH', '`852000057220001_20201103', '`20201103', '`852000057220001', '`XXXX. LIMITED', '', '', '', '', '', '', '', '', '', '', '', '', '', '', '', '']
[2021-10-27 23:32:04,985] [INFO] ['Record Identifier', 'Settlement Date', 'Terminal ID', 'Batch Number', 'Transaction Date', 'Transaction Time', 'Settlement no', 'Payment Type', 'Currency', 'Wallet Version', 'FX Rate', 'Transaction amount HKD', 'Transaction amount RMB', 'MDR Fee HKD', 'MDR', 'Net Amount HKD', 'Trace Number', 'Trans Type', 'RRN', 'Merchant RRN', 'User confirm key']
[2021-10-27 23:32:04,986] [INFO] ['`RD', '`2020/11/03', '`114701799', '`000001', '`20201103', '`171328', '`4200000813202011032921329153', '`WECHAT', '`HKD', '`WECHATCN', '`0.8636', '`1', '`0.86', '`0.01', '`1', '`0.99', '`1449643', '`S', '`57220001000005431td89mmc0878', '`2001520110320958058915', '`S0000001']
[2021-10-27 23:32:04,986] [INFO] ['`RD', '`2020/11/03', '`114701799', '`000001', '`20201103', '`203859', '`4200000820202011026985325349', '`WECHAT', '`HKD', '`WECHATCN', '`0.863', '`-1', '`-0.86', '`-0.01', '`1', '`-0.99', '`1450841', '`R', '`57220001000005431td89hhc0342', '`201103057813', '`S0000001']
[2021-10-27 23:32:04,987] [INFO] ['`RD', '`2020/11/03', '`114701799', '`000001', '`20201103', '`203901', '`4200000827202011027237230932', '`WECHAT', '`HKD', '`WECHATCN', '`0.863', '`-1', '`-0.86', '`-0.01', '`1', '`-0.99', '`1450842', '`R', '`57220001000005431td89rrc6453', '`201103074136', '`S0000001']
[2021-10-27 23:32:04,987] [INFO] ['Record Identifier', 'Total of Trasaction', 'Total of Amount', 'Total of Fee', '', '', '', '', '', '', '', '', '', '', '', '', '', '', '', '', '']
[2021-10-27 23:32:04,987] [INFO] ['`RT', '`3', '`-1', '`-0.01', '', '', '', '', '', '', '', '', '', '', '', '', '', '', '', '', '']
[2021-10-27 23:32:04,988] [INFO] ************************************* readCSV End *************************************
[2021-10-27 23:32:04,989] [INFO] ************************************* convertDataToEopgFormat Start *************************************
[2021-10-27 23:32:04,989] [ERROR] Error message: unsupported operand type(s) for +=: 'NoneType' and 'str'
[2021-10-27 23:32:04,989] [INFO] ************************************* convertDataToEopgFormat End *************************************
[2021-10-27 23:32:04,990] [INFO] ************************************* Maxims_VMP_Report End *************************************
[2021-10-27 23:32:51,598] [INFO] ************************************* Maxims_VMP_Report Start *************************************
[2021-10-27 23:32:53,179] [INFO] ************************************* readCSV Start *************************************
[2021-10-27 23:32:53,180] [INFO] ['Record Identifier', 'File ID', 'File Date', 'MID', 'MID name', '', '', '', '', '', '', '', '', '', '', '', '', '', '', '', '']
[2021-10-27 23:32:53,181] [INFO] ['`RH', '`852000057220001_20201103', '`20201103', '`852000057220001', '`XXXX. LIMITED', '', '', '', '', '', '', '', '', '', '', '', '', '', '', '', '']
[2021-10-27 23:32:53,181] [INFO] ['Record Identifier', 'Settlement Date', 'Terminal ID', 'Batch Number', 'Transaction Date', 'Transaction Time', 'Settlement no', 'Payment Type', 'Currency', 'Wallet Version', 'FX Rate', 'Transaction amount HKD', 'Transaction amount RMB', 'MDR Fee HKD', 'MDR', 'Net Amount HKD', 'Trace Number', 'Trans Type', 'RRN', 'Merchant RRN', 'User confirm key']
[2021-10-27 23:32:53,182] [INFO] ['`RD', '`2020/11/03', '`114701799', '`000001', '`20201103', '`171328', '`4200000813202011032921329153', '`WECHAT', '`HKD', '`WECHATCN', '`0.8636', '`1', '`0.86', '`0.01', '`1', '`0.99', '`1449643', '`S', '`57220001000005431td89mmc0878', '`2001520110320958058915', '`S0000001']
[2021-10-27 23:32:53,182] [INFO] ['`RD', '`2020/11/03', '`114701799', '`000001', '`20201103', '`203859', '`4200000820202011026985325349', '`WECHAT', '`HKD', '`WECHATCN', '`0.863', '`-1', '`-0.86', '`-0.01', '`1', '`-0.99', '`1450841', '`R', '`57220001000005431td89hhc0342', '`201103057813', '`S0000001']
[2021-10-27 23:32:53,183] [INFO] ['`RD', '`2020/11/03', '`114701799', '`000001', '`20201103', '`203901', '`4200000827202011027237230932', '`WECHAT', '`HKD', '`WECHATCN', '`0.863', '`-1', '`-0.86', '`-0.01', '`1', '`-0.99', '`1450842', '`R', '`57220001000005431td89rrc6453', '`201103074136', '`S0000001']
[2021-10-27 23:32:53,184] [INFO] ['Record Identifier', 'Total of Trasaction', 'Total of Amount', 'Total of Fee', '', '', '', '', '', '', '', '', '', '', '', '', '', '', '', '', '']
[2021-10-27 23:32:53,184] [INFO] ['`RT', '`3', '`-1', '`-0.01', '', '', '', '', '', '', '', '', '', '', '', '', '', '', '', '', '']
[2021-10-27 23:32:53,185] [INFO] ************************************* readCSV End *************************************
[2021-10-27 23:32:59,971] [INFO] ************************************* convertDataToEopgFormat Start *************************************
[2021-10-27 23:33:29,430] [INFO] ************************************* Maxims_VMP_Report Start *************************************
[2021-10-27 23:33:31,573] [INFO] ************************************* readCSV Start *************************************
[2021-10-27 23:33:31,574] [INFO] ['Record Identifier', 'File ID', 'File Date', 'MID', 'MID name', '', '', '', '', '', '', '', '', '', '', '', '', '', '', '', '']
[2021-10-27 23:33:31,574] [INFO] ['`RH', '`852000057220001_20201103', '`20201103', '`852000057220001', '`XXXX. LIMITED', '', '', '', '', '', '', '', '', '', '', '', '', '', '', '', '']
[2021-10-27 23:33:31,575] [INFO] ['Record Identifier', 'Settlement Date', 'Terminal ID', 'Batch Number', 'Transaction Date', 'Transaction Time', 'Settlement no', 'Payment Type', 'Currency', 'Wallet Version', 'FX Rate', 'Transaction amount HKD', 'Transaction amount RMB', 'MDR Fee HKD', 'MDR', 'Net Amount HKD', 'Trace Number', 'Trans Type', 'RRN', 'Merchant RRN', 'User confirm key']
[2021-10-27 23:33:31,575] [INFO] ['`RD', '`2020/11/03', '`114701799', '`000001', '`20201103', '`171328', '`4200000813202011032921329153', '`WECHAT', '`HKD', '`WECHATCN', '`0.8636', '`1', '`0.86', '`0.01', '`1', '`0.99', '`1449643', '`S', '`57220001000005431td89mmc0878', '`2001520110320958058915', '`S0000001']
[2021-10-27 23:33:31,576] [INFO] ['`RD', '`2020/11/03', '`114701799', '`000001', '`20201103', '`203859', '`4200000820202011026985325349', '`WECHAT', '`HKD', '`WECHATCN', '`0.863', '`-1', '`-0.86', '`-0.01', '`1', '`-0.99', '`1450841', '`R', '`57220001000005431td89hhc0342', '`201103057813', '`S0000001']
[2021-10-27 23:33:31,576] [INFO] ['`RD', '`2020/11/03', '`114701799', '`000001', '`20201103', '`203901', '`4200000827202011027237230932', '`WECHAT', '`HKD', '`WECHATCN', '`0.863', '`-1', '`-0.86', '`-0.01', '`1', '`-0.99', '`1450842', '`R', '`57220001000005431td89rrc6453', '`201103074136', '`S0000001']
[2021-10-27 23:33:31,577] [INFO] ['Record Identifier', 'Total of Trasaction', 'Total of Amount', 'Total of Fee', '', '', '', '', '', '', '', '', '', '', '', '', '', '', '', '', '']
[2021-10-27 23:33:31,577] [INFO] ['`RT', '`3', '`-1', '`-0.01', '', '', '', '', '', '', '', '', '', '', '', '', '', '', '', '', '']
[2021-10-27 23:33:31,577] [INFO] ************************************* readCSV End *************************************
[2021-10-27 23:33:32,768] [INFO] ************************************* convertDataToEopgFormat Start *************************************
[2021-10-27 23:36:41,524] [INFO] ************************************* Maxims_VMP_Report Start *************************************
[2021-10-27 23:36:46,788] [INFO] ************************************* readCSV Start *************************************
[2021-10-27 23:36:46,789] [INFO] ['Record Identifier', 'File ID', 'File Date', 'MID', 'MID name', '', '', '', '', '', '', '', '', '', '', '', '', '', '', '', '']
[2021-10-27 23:36:46,790] [INFO] ['`RH', '`852000057220001_20201103', '`20201103', '`852000057220001', '`XXXX. LIMITED', '', '', '', '', '', '', '', '', '', '', '', '', '', '', '', '']
[2021-10-27 23:36:46,790] [INFO] ['Record Identifier', 'Settlement Date', 'Terminal ID', 'Batch Number', 'Transaction Date', 'Transaction Time', 'Settlement no', 'Payment Type', 'Currency', 'Wallet Version', 'FX Rate', 'Transaction amount HKD', 'Transaction amount RMB', 'MDR Fee HKD', 'MDR', 'Net Amount HKD', 'Trace Number', 'Trans Type', 'RRN', 'Merchant RRN', 'User confirm key']
[2021-10-27 23:36:46,790] [INFO] ['`RD', '`2020/11/03', '`114701799', '`000001', '`20201103', '`171328', '`4200000813202011032921329153', '`WECHAT', '`HKD', '`WECHATCN', '`0.8636', '`1', '`0.86', '`0.01', '`1', '`0.99', '`1449643', '`S', '`57220001000005431td89mmc0878', '`2001520110320958058915', '`S0000001']
[2021-10-27 23:36:46,791] [INFO] ['`RD', '`2020/11/03', '`114701799', '`000001', '`20201103', '`203859', '`4200000820202011026985325349', '`WECHAT', '`HKD', '`WECHATCN', '`0.863', '`-1', '`-0.86', '`-0.01', '`1', '`-0.99', '`1450841', '`R', '`57220001000005431td89hhc0342', '`201103057813', '`S0000001']
[2021-10-27 23:36:46,791] [INFO] ['`RD', '`2020/11/03', '`114701799', '`000001', '`20201103', '`203901', '`4200000827202011027237230932', '`WECHAT', '`HKD', '`WECHATCN', '`0.863', '`-1', '`-0.86', '`-0.01', '`1', '`-0.99', '`1450842', '`R', '`57220001000005431td89rrc6453', '`201103074136', '`S0000001']
[2021-10-27 23:36:46,792] [INFO] ['Record Identifier', 'Total of Trasaction', 'Total of Amount', 'Total of Fee', '', '', '', '', '', '', '', '', '', '', '', '', '', '', '', '', '']
[2021-10-27 23:36:46,792] [INFO] ['`RT', '`3', '`-1', '`-0.01', '', '', '', '', '', '', '', '', '', '', '', '', '', '', '', '', '']
[2021-10-27 23:36:46,793] [INFO] ************************************* readCSV End *************************************
[2021-10-27 23:36:48,769] [INFO] ************************************* convertDataToEopgFormat Start *************************************
[2021-10-27 23:36:48,770] [INFO] ************************************* Maxims_VMP_Report End *************************************
[2021-10-27 23:37:03,440] [INFO] ************************************* Maxims_VMP_Report Start *************************************
[2021-10-27 23:37:03,441] [INFO] ************************************* readCSV Start *************************************
[2021-10-27 23:37:03,441] [INFO] ['Record Identifier', 'File ID', 'File Date', 'MID', 'MID name', '', '', '', '', '', '', '', '', '', '', '', '', '', '', '', '']
[2021-10-27 23:37:03,441] [INFO] ['`RH', '`852000057220001_20201103', '`20201103', '`852000057220001', '`XXXX. LIMITED', '', '', '', '', '', '', '', '', '', '', '', '', '', '', '', '']
[2021-10-27 23:37:03,442] [INFO] ['Record Identifier', 'Settlement Date', 'Terminal ID', 'Batch Number', 'Transaction Date', 'Transaction Time', 'Settlement no', 'Payment Type', 'Currency', 'Wallet Version', 'FX Rate', 'Transaction amount HKD', 'Transaction amount RMB', 'MDR Fee HKD', 'MDR', 'Net Amount HKD', 'Trace Number', 'Trans Type', 'RRN', 'Merchant RRN', 'User confirm key']
[2021-10-27 23:37:03,442] [INFO] ['`RD', '`2020/11/03', '`114701799', '`000001', '`20201103', '`171328', '`4200000813202011032921329153', '`WECHAT', '`HKD', '`WECHATCN', '`0.8636', '`1', '`0.86', '`0.01', '`1', '`0.99', '`1449643', '`S', '`57220001000005431td89mmc0878', '`2001520110320958058915', '`S0000001']
[2021-10-27 23:37:03,443] [INFO] ['`RD', '`2020/11/03', '`114701799', '`000001', '`20201103', '`203859', '`4200000820202011026985325349', '`WECHAT', '`HKD', '`WECHATCN', '`0.863', '`-1', '`-0.86', '`-0.01', '`1', '`-0.99', '`1450841', '`R', '`57220001000005431td89hhc0342', '`201103057813', '`S0000001']
[2021-10-27 23:37:03,443] [INFO] ['`RD', '`2020/11/03', '`114701799', '`000001', '`20201103', '`203901', '`4200000827202011027237230932', '`WECHAT', '`HKD', '`WECHATCN', '`0.863', '`-1', '`-0.86', '`-0.01', '`1', '`-0.99', '`1450842', '`R', '`57220001000005431td89rrc6453', '`201103074136', '`S0000001']
[2021-10-27 23:37:03,443] [INFO] ['Record Identifier', 'Total of Trasaction', 'Total of Amount', 'Total of Fee', '', '', '', '', '', '', '', '', '', '', '', '', '', '', '', '', '']
[2021-10-27 23:37:03,444] [INFO] ['`RT', '`3', '`-1', '`-0.01', '', '', '', '', '', '', '', '', '', '', '', '', '', '', '', '', '']
[2021-10-27 23:37:03,444] [INFO] ************************************* readCSV End *************************************
[2021-10-27 23:37:03,445] [INFO] ************************************* convertDataToEopgFormat Start *************************************
[2021-10-27 23:37:30,202] [INFO] ************************************* Maxims_VMP_Report End *************************************
