2021-09-19 00:00:02,436 ERROR app.py:1892 Exception on /Octopus/Report/Download_SPID [POST]
Traceback (most recent call last):
  File "C:\Users\richard\Desktop\RSM_Package\RSM_Package\pythonProject\venv\lib\site-packages\flask\app.py", line 2447, in wsgi_app
    response = self.full_dispatch_request()
  File "C:\Users\richard\Desktop\RSM_Package\RSM_Package\pythonProject\venv\lib\site-packages\flask\app.py", line 1952, in full_dispatch_request
    rv = self.handle_user_exception(e)
  File "C:\Users\richard\Desktop\RSM_Package\RSM_Package\pythonProject\venv\lib\site-packages\flask_cors\extension.py", line 165, in wrapped_function
    return cors_after_request(app.make_response(f(*args, **kwargs)))
  File "C:\Users\richard\Desktop\RSM_Package\RSM_Package\pythonProject\venv\lib\site-packages\flask\app.py", line 1821, in handle_user_exception
    reraise(exc_type, exc_value, tb)
  File "C:\Users\richard\Desktop\RSM_Package\RSM_Package\pythonProject\venv\lib\site-packages\flask\_compat.py", line 39, in reraise
    raise value
  File "C:\Users\richard\Desktop\RSM_Package\RSM_Package\pythonProject\venv\lib\site-packages\flask\app.py", line 1950, in full_dispatch_request
    rv = self.dispatch_request()
  File "C:\Users\richard\Desktop\RSM_Package\RSM_Package\pythonProject\venv\lib\site-packages\flask\app.py", line 1936, in dispatch_request
    return self.view_functions[rule.endpoint](**req.view_args)
  File "C:\Users\richard\Desktop\RSM_Package\RSM_Package\pythonProject\venv\lib\site-packages\flask_jwt_extended\view_decorators.py", line 108, in wrapper
    return fn(*args, **kwargs)
  File "C:/Users/richard/Desktop/RSM_Package/RSM_Package/pythonProject/main.py", line 555, in Octopus_Report
    testing = temp.Download_SPID(SPID, DateFrom, DateTo)
  File "C:\Users\richard\Desktop\RSM_Package\RSM_Package\pythonProject\Octopus.py", line 49, in Download_SPID
    zip_dir('\\Octopus\\Merchant_Report\\' + SPID)
  File "C:\Users\richard\Desktop\RSM_Package\RSM_Package\pythonProject\Octopus.py", line 57, in zip_dir
    zf = zipfile.ZipFile('{}.zip'.format(path), 'w', zipfile.ZIP_DEFLATED)
  File "C:\Users\richard\AppData\Local\Programs\Python\Python37\lib\zipfile.py", line 1182, in __init__
    self.fp = io.open(file, filemode)
FileNotFoundError: [Errno 2] No such file or directory: '\\Octopus\\Merchant_Report\\36001.zip'
2021-09-19 00:00:02,456 INFO _internal.py:113 127.0.0.1 - - [19/Sep/2021 00:00:02] "[35m[1mPOST /Octopus/Report/Download_SPID HTTP/1.1[0m" 500 -
2021-09-19 00:00:36,962 INFO _internal.py:113 127.0.0.1 - - [19/Sep/2021 00:00:36] "[37mOPTIONS /Octopus/Report/Download_SPID HTTP/1.1[0m" 200 -
2021-09-19 00:00:36,965 DEBUG main.py:545 Host: 127.0.0.1:5000
Connection: keep-alive
Content-Length: 44
Sec-Ch-Ua: "Google Chrome";v="93", " Not;A Brand";v="99", "Chromium";v="93"
Sec-Ch-Ua-Mobile: ?0
Authorization: Bearer eyJ0eXAiOiJKV1QiLCJhbGciOiJIUzI1NiJ9.eyJpYXQiOjE2MzE5NzY0NTAsIm5iZiI6MTYzMTk3NjQ1MCwianRpIjoiOGM1Y2FlOWUtYjgzOC00NzNjLWFiNWEtZDYzZGM4OGZkZWEwIiwiZXhwIjoxNjMyMDE5NjUwLCJpZGVudGl0eSI6InJpY2hhcmQiLCJmcmVzaCI6ZmFsc2UsInR5cGUiOiJhY2Nlc3MifQ.HyP3L3MCXxjQwG5qyMg5pZ4BRvML2h27jELCLPs48xg
Content-Type: application/x-www-form-urlencoded
Accept: application/json, text/plain, */*
User-Agent: Mozilla/5.0 (Windows NT 10.0; Win64; x64) AppleWebKit/537.36 (KHTML, like Gecko) Chrome/93.0.4577.82 Safari/537.36
Contenttype: application/x-www-form-urlencoded
Usermane: richard
Sec-Ch-Ua-Platform: "Windows"
Origin: http://localhost:8080
Sec-Fetch-Site: cross-site
Sec-Fetch-Mode: cors
Sec-Fetch-Dest: empty
Referer: http://localhost:8080/
Accept-Encoding: gzip, deflate, br
Accept-Language: zh-TW,zh;q=0.9,en-US;q=0.8,en;q=0.7


2021-09-19 00:00:36,965 DEBUG main.py:546 BODY: b'SPID=36001&DateFrom=20210901&DateTo=20210903'
2021-09-19 00:00:39,374 ERROR app.py:1892 Exception on /Octopus/Report/Download_SPID [POST]
Traceback (most recent call last):
  File "C:\Users\richard\Desktop\RSM_Package\RSM_Package\pythonProject\venv\lib\site-packages\flask\app.py", line 2447, in wsgi_app
    response = self.full_dispatch_request()
  File "C:\Users\richard\Desktop\RSM_Package\RSM_Package\pythonProject\venv\lib\site-packages\flask\app.py", line 1952, in full_dispatch_request
    rv = self.handle_user_exception(e)
  File "C:\Users\richard\Desktop\RSM_Package\RSM_Package\pythonProject\venv\lib\site-packages\flask_cors\extension.py", line 165, in wrapped_function
    return cors_after_request(app.make_response(f(*args, **kwargs)))
  File "C:\Users\richard\Desktop\RSM_Package\RSM_Package\pythonProject\venv\lib\site-packages\flask\app.py", line 1821, in handle_user_exception
    reraise(exc_type, exc_value, tb)
  File "C:\Users\richard\Desktop\RSM_Package\RSM_Package\pythonProject\venv\lib\site-packages\flask\_compat.py", line 39, in reraise
    raise value
  File "C:\Users\richard\Desktop\RSM_Package\RSM_Package\pythonProject\venv\lib\site-packages\flask\app.py", line 1950, in full_dispatch_request
    rv = self.dispatch_request()
  File "C:\Users\richard\Desktop\RSM_Package\RSM_Package\pythonProject\venv\lib\site-packages\flask\app.py", line 1936, in dispatch_request
    return self.view_functions[rule.endpoint](**req.view_args)
  File "C:\Users\richard\Desktop\RSM_Package\RSM_Package\pythonProject\venv\lib\site-packages\flask_jwt_extended\view_decorators.py", line 108, in wrapper
    return fn(*args, **kwargs)
  File "C:/Users/richard/Desktop/RSM_Package/RSM_Package/pythonProject/main.py", line 555, in Octopus_Report
    testing = temp.Download_SPID(SPID, DateFrom, DateTo)
  File "C:\Users\richard\Desktop\RSM_Package\RSM_Package\pythonProject\Octopus.py", line 49, in Download_SPID
    zip_dir('\\Octopus\\Merchant_Report\\' + SPID)
  File "C:\Users\richard\Desktop\RSM_Package\RSM_Package\pythonProject\Octopus.py", line 57, in zip_dir
    zf = zipfile.ZipFile('{}.zip'.format(path), 'w', zipfile.ZIP_DEFLATED)
  File "C:\Users\richard\AppData\Local\Programs\Python\Python37\lib\zipfile.py", line 1182, in __init__
    self.fp = io.open(file, filemode)
FileNotFoundError: [Errno 2] No such file or directory: '\\Octopus\\Merchant_Report\\36001.zip'
2021-09-19 00:00:39,381 INFO _internal.py:113 127.0.0.1 - - [19/Sep/2021 00:00:39] "[35m[1mPOST /Octopus/Report/Download_SPID HTTP/1.1[0m" 500 -
