[2021-10-21 22:24:34,222] [INFO]Today: 20211021
[2021-10-21 22:24:34,222] [INFO]Email subject: [20211021]A8 Daily Password: 123456
[2021-10-21 22:24:34,223] [INFO]Email From: RSM System
[2021-10-21 22:24:34,223] [INFO]Email to: richard38999@gmail.com;richardding@eftpay.com.hk
[2021-10-21 22:24:34,224] [INFO]A8 Daily Password: 123456
[2021-10-21 22:24:37,309] [INFO]sent email success
[2021-10-21 22:46:43,392] [INFO]************************************* A8 Daily Email Start *************************************
[2021-10-21 22:46:43,394] [INFO]Today: 20211021
[2021-10-21 22:46:43,394] [INFO]Email subject: [20211021]A8 Daily Password: 123456
[2021-10-21 22:46:43,395] [INFO]Email From: RSM System
[2021-10-21 22:46:43,395] [INFO]Email to: richard38999@gmail.com;richardding@eftpay.com.hk
[2021-10-21 22:46:43,396] [INFO]A8 Daily Password: 123456
[2021-10-21 22:46:46,112] [INFO]sent email success
[2021-10-21 22:46:46,247] [INFO]************************************* A8 Daily Email End *************************************
[2021-10-21 22:48:14,867] [INFO]************************************* A8 Daily Email Start *************************************
[2021-10-21 22:48:14,868] [INFO]Today: 20211021
[2021-10-21 22:48:14,869] [INFO]Email subject: [20211021]A8 Daily Password: 123456
[2021-10-21 22:48:14,869] [INFO]Email From: RSM System
[2021-10-21 22:48:14,870] [INFO]Email to: richard38999@gmail.com;richardding@eftpay.com.hk
[2021-10-21 22:48:14,870] [INFO]A8 Daily Password: 123456
[2021-10-21 22:48:16,980] [INFO]sent email success
[2021-10-21 22:48:17,122] [INFO]************************************* A8 Daily Email End *************************************
